<?xml version="1.0" encoding="UTF-8"?>
<robot generator="Robot 7.0.1 (Python 3.12.4 on win32)" generated="2024-07-23T19:21:33.869502" rpa="false" schemaversion="5">
<suite id="s1" name="Itqs-Robot" source="C:\Users\rebec\Documents\projetos github\itqs-robot">
<suite id="s1-s1" name="Exercicios Rebeca" source="C:\Users\rebec\Documents\projetos github\itqs-robot\exercicios_rebeca.robot">
<test id="s1-s1-t1" name="Exercicio16" line="153">
<kw name="Get Value From User" owner="Dialogs">
<msg time="2024-07-23T19:21:36.596287" level="INFO">${NOME} = reb</msg>
<var>${NOME}</var>
<arg>Digite seu nome</arg>
<doc>Pauses execution and asks user to input a value.</doc>
<status status="PASS" start="2024-07-23T19:21:33.918364" elapsed="2.677923"/>
</kw>
<kw name="Get Value From User" owner="Dialogs">
<msg time="2024-07-23T19:21:38.446035" level="INFO">${IDADE} = 30</msg>
<var>${IDADE}</var>
<arg>Digite sua idade</arg>
<doc>Pauses execution and asks user to input a value.</doc>
<status status="PASS" start="2024-07-23T19:21:36.599802" elapsed="1.846233"/>
</kw>
<if>
<branch type="IF" condition="${IDADE} &lt; 10">
<kw name="Log To Console" owner="BuiltIn">
<arg>\nNome: ${NOME} \nIdade: ${IDADE} \nCategoria: Escolinha</arg>
<doc>Logs the given message to the console.</doc>
<status status="NOT RUN" start="2024-07-23T19:21:38.459296" elapsed="0.000541"/>
</kw>
<status status="NOT RUN" start="2024-07-23T19:21:38.458201" elapsed="0.001636"/>
</branch>
<branch type="ELSE IF" condition="${IDADE} &lt; 18">
<kw name="Log To Console" owner="BuiltIn">
<arg>\nNome: ${NOME} \nIdade: ${IDADE} \nCategoria: Categorias de base</arg>
<doc>Logs the given message to the console.</doc>
<status status="NOT RUN" start="2024-07-23T19:21:38.460933" elapsed="0.000000"/>
</kw>
<status status="NOT RUN" start="2024-07-23T19:21:38.459837" elapsed="0.001096"/>
</branch>
<branch type="ELSE IF" condition="${IDADE} &lt; 41">
<kw name="Log To Console" owner="BuiltIn">
<arg>\nNome: ${NOME} \nIdade: ${IDADE} \nCategoria: Profissional</arg>
<doc>Logs the given message to the console.</doc>
<status status="PASS" start="2024-07-23T19:21:38.461666" elapsed="0.011564"/>
</kw>
<status status="PASS" start="2024-07-23T19:21:38.460933" elapsed="0.012297"/>
</branch>
<branch type="ELSE">
<kw name="Log To Console" owner="BuiltIn">
<arg>\nNome: ${NOME} \nIdade: ${IDADE} \nCategoria: Master</arg>
<doc>Logs the given message to the console.</doc>
<status status="NOT RUN" start="2024-07-23T19:21:38.473230" elapsed="0.002094"/>
</kw>
<status status="NOT RUN" start="2024-07-23T19:21:38.473230" elapsed="0.002094"/>
</branch>
<status status="PASS" start="2024-07-23T19:21:38.458201" elapsed="0.017442"/>
</if>
<status status="PASS" start="2024-07-23T19:21:33.918364" elapsed="4.557279"/>
</test>
<status status="PASS" start="2024-07-23T19:21:33.894060" elapsed="4.581583"/>
</suite>
<status status="PASS" start="2024-07-23T19:21:33.869502" elapsed="4.618192"/>
</suite>
<statistics>
<total>
<stat pass="1" fail="0" skip="0">All Tests</stat>
</total>
<tag>
</tag>
<suite>
<stat pass="1" fail="0" skip="0" id="s1" name="Itqs-Robot">Itqs-Robot</stat>
<stat pass="1" fail="0" skip="0" id="s1-s1" name="Exercicios Rebeca">Itqs-Robot.Exercicios Rebeca</stat>
</suite>
</statistics>
<errors>
</errors>
</robot>
